mode: set
github.com/krzysztofkaptur/book-and-go/cmd/web/main.go:18.13,20.16 2 0
github.com/krzysztofkaptur/book-and-go/cmd/web/main.go:20.16,22.3 1 0
github.com/krzysztofkaptur/book-and-go/cmd/web/main.go:24.2,31.16 4 0
github.com/krzysztofkaptur/book-and-go/cmd/web/main.go:31.16,33.3 1 0
github.com/krzysztofkaptur/book-and-go/cmd/web/main.go:36.42,51.16 10 1
github.com/krzysztofkaptur/book-and-go/cmd/web/main.go:51.16,53.3 1 0
github.com/krzysztofkaptur/book-and-go/cmd/web/main.go:55.2,64.18 6 1
github.com/krzysztofkaptur/book-and-go/cmd/web/middleware.go:9.45,20.2 3 1
github.com/krzysztofkaptur/book-and-go/cmd/web/middleware.go:22.50,24.2 1 1
github.com/krzysztofkaptur/book-and-go/cmd/web/router.go:11.56,35.2 19 1
